<?xml version="1.0" encoding="UTF-8"?>
<!-- Generated by org.testng.reporters.JUnitReportReporter -->
<testsuite skipped="1" hostname="DESKTOP-94LS7CI" name="day2.Github" tests="2" failures="0" timestamp="08 Oct 2021 09:28:45 GMT" time="3.922" errors="0">
  <testcase name="createrepositories" time="3.922" classname="day2.Github"/>
  <testcase name="getallrepositories" classname="day2.Github">
    <skipped/>
  </testcase> <!-- getallrepositories -->
</testsuite> <!-- day2.Github -->
