<?xml version="1.0" encoding="UTF-8"?>
<!-- Generated by org.testng.reporters.JUnitReportReporter -->
<testsuite skipped="0" hostname="DESKTOP-94LS7CI" name="day1.WeatherApi" tests="2" failures="0" timestamp="07 Oct 2021 13:16:54 GMT" time="3.332" errors="0">
  <testcase name="getWeather" time="2.407" classname="day1.WeatherApi"/>
  <testcase name="getWeather1" time="0.925" classname="day1.WeatherApi"/>
</testsuite> <!-- day1.WeatherApi -->
