<?xml version="1.0" encoding="UTF-8"?>
<!-- Generated by org.testng.reporters.JUnitReportReporter -->
<testsuite skipped="0" hostname="DESKTOP-94LS7CI" name="day2.NegativeContactList" tests="5" failures="0" timestamp="08 Oct 2021 07:17:14 GMT" time="6.454" errors="0">
  <testcase name="invalidcharacter" time="0.501" classname="day2.NegativeContactList"/>
  <testcase name="recordnotfound" time="0.455" classname="day2.NegativeContactList"/>
  <testcase name="addingContactmissing" time="4.337" classname="day2.NegativeContactList"/>
  <testcase name="missingparameter" time="0.551" classname="day2.NegativeContactList"/>
  <testcase name="addingtoomanycharacters" time="0.610" classname="day2.NegativeContactList"/>
</testsuite> <!-- day2.NegativeContactList -->
